2024-09-25 15:45:46,048 - INFO - Trial 13 finished with value: 0.5907441860465117 and parameters: {'window_size': 48, 'batch_size': 32, 'lr': 0.002115588675806037, 'hidden_dim': 32, 'num_layers': 3, 'dropout': 0.0025327940080378253, 'scheduler_step_size': 4, 'scheduler_gamma': 0.7504117226854448}. Best is trial 5 with value: 0.3614883720930232.
2024-09-25 16:01:54,022 - WARNING - Trial 14 failed with parameters: {'window_size': 32, 'batch_size': 32, 'lr': 0.00021333345727352158, 'hidden_dim': 64, 'num_layers': 2, 'dropout': 0.15047582384328972, 'scheduler_step_size': 6, 'scheduler_gamma': 0.5850801339669781} because of the following error: The value None could not be cast to float..
2024-09-25 16:01:54,022 - WARNING - Trial 14 failed with value None.
2024-09-25 16:01:54,148 - WARNING - Trial 15 failed with parameters: {'window_size': 8, 'batch_size': 32, 'lr': 0.0002586015802743849, 'hidden_dim': 64, 'num_layers': 2, 'dropout': 0.14781366692668083, 'scheduler_step_size': 6, 'scheduler_gamma': 0.5773918686181885} because of the following error: The value None could not be cast to float..
2024-09-25 16:01:54,148 - WARNING - Trial 15 failed with value None.
2024-09-25 16:01:54,332 - WARNING - Trial 16 failed with parameters: {'window_size': 8, 'batch_size': 32, 'lr': 0.00016925113841150517, 'hidden_dim': 64, 'num_layers': 2, 'dropout': 0.14924229775895156, 'scheduler_step_size': 6, 'scheduler_gamma': 0.5952976930713709} because of the following error: The value None could not be cast to float..
2024-09-25 16:01:54,332 - WARNING - Trial 16 failed with value None.
2024-09-25 16:01:54,471 - WARNING - Trial 17 failed with parameters: {'window_size': 24, 'batch_size': 32, 'lr': 0.00021102077249683375, 'hidden_dim': 64, 'num_layers': 2, 'dropout': 0.15659572418337664, 'scheduler_step_size': 6, 'scheduler_gamma': 0.5955970779510805} because of the following error: The value None could not be cast to float..
2024-09-25 16:01:54,471 - WARNING - Trial 17 failed with value None.
2024-09-25 16:01:54,563 - WARNING - Trial 18 failed with parameters: {'window_size': 32, 'batch_size': 32, 'lr': 0.0002777302467001129, 'hidden_dim': 64, 'num_layers': 2, 'dropout': 0.1563019829538125, 'scheduler_step_size': 6, 'scheduler_gamma': 0.5888519273280652} because of the following error: The value None could not be cast to float..
2024-09-25 16:01:54,563 - WARNING - Trial 18 failed with value None.
2024-09-25 16:01:54,661 - WARNING - Trial 19 failed with parameters: {'window_size': 12, 'batch_size': 32, 'lr': 0.00021591379268157593, 'hidden_dim': 64, 'num_layers': 2, 'dropout': 0.1527877367228323, 'scheduler_step_size': 6, 'scheduler_gamma': 0.5864129816035656} because of the following error: The value None could not be cast to float..
2024-09-25 16:01:54,661 - WARNING - Trial 19 failed with value None.
2024-09-25 16:01:54,763 - WARNING - Trial 20 failed with parameters: {'window_size': 12, 'batch_size': 32, 'lr': 0.00016447080622813693, 'hidden_dim': 64, 'num_layers': 2, 'dropout': 0.1530068293131166, 'scheduler_step_size': 6, 'scheduler_gamma': 0.6239384386739466} because of the following error: The value None could not be cast to float..
2024-09-25 16:01:54,763 - WARNING - Trial 20 failed with value None.
2024-09-25 16:01:54,876 - WARNING - Trial 21 failed with parameters: {'window_size': 8, 'batch_size': 32, 'lr': 0.00023188416381499983, 'hidden_dim': 64, 'num_layers': 2, 'dropout': 0.1518364407315902, 'scheduler_step_size': 6, 'scheduler_gamma': 0.8999123408406274} because of the following error: The value None could not be cast to float..
2024-09-25 16:01:54,876 - WARNING - Trial 21 failed with value None.
2024-09-25 16:01:55,060 - WARNING - Trial 22 failed with parameters: {'window_size': 4, 'batch_size': 32, 'lr': 0.0003572091724678592, 'hidden_dim': 64, 'num_layers': 2, 'dropout': 0.15332906849789868, 'scheduler_step_size': 3, 'scheduler_gamma': 0.5966324330886351} because of the following error: The value None could not be cast to float..
2024-09-25 16:01:55,060 - WARNING - Trial 22 failed with value None.
2024-09-25 16:01:55,166 - WARNING - Trial 23 failed with parameters: {'window_size': 8, 'batch_size': 32, 'lr': 0.0003046915719136565, 'hidden_dim': 64, 'num_layers': 2, 'dropout': 0.148927105898814, 'scheduler_step_size': 6, 'scheduler_gamma': 0.5949147231347677} because of the following error: The value None could not be cast to float..
2024-09-25 16:01:55,167 - WARNING - Trial 23 failed with value None.
2024-09-25 16:01:55,262 - WARNING - Trial 24 failed with parameters: {'window_size': 4, 'batch_size': 32, 'lr': 0.00021422581468198647, 'hidden_dim': 64, 'num_layers': 2, 'dropout': 0.1446999666206043, 'scheduler_step_size': 6, 'scheduler_gamma': 0.8980543685103848} because of the following error: The value None could not be cast to float..
2024-09-25 16:01:55,263 - WARNING - Trial 24 failed with value None.
2024-09-25 16:01:55,362 - WARNING - Trial 25 failed with parameters: {'window_size': 32, 'batch_size': 32, 'lr': 0.00022386094227568748, 'hidden_dim': 64, 'num_layers': 2, 'dropout': 0.15108477862868938, 'scheduler_step_size': 6, 'scheduler_gamma': 0.5973395337684636} because of the following error: The value None could not be cast to float..
2024-09-25 16:01:55,363 - WARNING - Trial 25 failed with value None.
2024-09-25 16:01:55,474 - WARNING - Trial 26 failed with parameters: {'window_size': 12, 'batch_size': 32, 'lr': 0.0002304401460217417, 'hidden_dim': 64, 'num_layers': 2, 'dropout': 0.14748315391638256, 'scheduler_step_size': 6, 'scheduler_gamma': 0.602468238499671} because of the following error: The value None could not be cast to float..
2024-09-25 16:01:55,475 - WARNING - Trial 26 failed with value None.
2024-09-25 16:01:55,591 - WARNING - Trial 27 failed with parameters: {'window_size': 12, 'batch_size': 32, 'lr': 0.00036998404872057024, 'hidden_dim': 64, 'num_layers': 2, 'dropout': 0.16152766123884427, 'scheduler_step_size': 6, 'scheduler_gamma': 0.6214896496706559} because of the following error: The value None could not be cast to float..
2024-09-25 16:01:55,591 - WARNING - Trial 27 failed with value None.
2024-09-25 16:01:55,688 - WARNING - Trial 28 failed with parameters: {'window_size': 8, 'batch_size': 32, 'lr': 0.0001962083169494853, 'hidden_dim': 64, 'num_layers': 2, 'dropout': 0.15744480750268675, 'scheduler_step_size': 6, 'scheduler_gamma': 0.5892264272551819} because of the following error: The value None could not be cast to float..
2024-09-25 16:01:55,688 - WARNING - Trial 28 failed with value None.
2024-09-25 16:01:55,721 - WARNING - Trial 29 failed with parameters: {'window_size': 12, 'batch_size': 32, 'lr': 0.0001928251954165943, 'hidden_dim': 64, 'num_layers': 2, 'dropout': 0.1523317953802504, 'scheduler_step_size': 6, 'scheduler_gamma': 0.5991455906461137} because of the following error: The value None could not be cast to float..
2024-09-25 16:01:55,721 - WARNING - Trial 29 failed with value None.
2024-09-25 16:01:55,751 - WARNING - Trial 30 failed with parameters: {'window_size': 4, 'batch_size': 32, 'lr': 0.00031574712334313585, 'hidden_dim': 64, 'num_layers': 2, 'dropout': 0.16125220515381358, 'scheduler_step_size': 6, 'scheduler_gamma': 0.5975978448450812} because of the following error: The value None could not be cast to float..
2024-09-25 16:01:55,751 - WARNING - Trial 30 failed with value None.
2024-09-25 16:01:55,777 - WARNING - Trial 31 failed with parameters: {'window_size': 8, 'batch_size': 32, 'lr': 0.000310675504091328, 'hidden_dim': 64, 'num_layers': 2, 'dropout': 0.1541617600507785, 'scheduler_step_size': 6, 'scheduler_gamma': 0.5857954754023154} because of the following error: The value None could not be cast to float..
2024-09-25 16:01:55,777 - WARNING - Trial 31 failed with value None.
2024-09-25 16:01:55,804 - WARNING - Trial 32 failed with parameters: {'window_size': 8, 'batch_size': 32, 'lr': 0.00027575333389717304, 'hidden_dim': 64, 'num_layers': 2, 'dropout': 0.15230334838899084, 'scheduler_step_size': 6, 'scheduler_gamma': 0.8978165460789258} because of the following error: The value None could not be cast to float..
2024-09-25 16:01:55,804 - WARNING - Trial 32 failed with value None.
2024-09-25 16:01:55,834 - WARNING - Trial 33 failed with parameters: {'window_size': 32, 'batch_size': 32, 'lr': 0.0002531961893864782, 'hidden_dim': 64, 'num_layers': 2, 'dropout': 0.15340641914275752, 'scheduler_step_size': 6, 'scheduler_gamma': 0.6107091685494904} because of the following error: The value None could not be cast to float..
2024-09-25 16:01:55,834 - WARNING - Trial 33 failed with value None.
2024-09-25 16:01:55,857 - WARNING - Trial 34 failed with parameters: {'window_size': 8, 'batch_size': 32, 'lr': 0.000192607716277272, 'hidden_dim': 64, 'num_layers': 2, 'dropout': 0.15729182132337857, 'scheduler_step_size': 6, 'scheduler_gamma': 0.6292792720318636} because of the following error: The value None could not be cast to float..
2024-09-25 16:01:55,857 - WARNING - Trial 34 failed with value None.
2024-09-25 16:01:55,880 - WARNING - Trial 35 failed with parameters: {'window_size': 24, 'batch_size': 32, 'lr': 0.00023384917500777485, 'hidden_dim': 64, 'num_layers': 2, 'dropout': 0.15185492944571766, 'scheduler_step_size': 6, 'scheduler_gamma': 0.5950555449301692} because of the following error: The value None could not be cast to float..
2024-09-25 16:01:55,880 - WARNING - Trial 35 failed with value None.
2024-09-25 16:01:55,904 - WARNING - Trial 36 failed with parameters: {'window_size': 4, 'batch_size': 32, 'lr': 0.00026991779560214157, 'hidden_dim': 64, 'num_layers': 2, 'dropout': 0.1568808218136391, 'scheduler_step_size': 6, 'scheduler_gamma': 0.5818731979064503} because of the following error: The value None could not be cast to float..
2024-09-25 16:01:55,904 - WARNING - Trial 36 failed with value None.
2024-09-25 16:01:55,929 - WARNING - Trial 37 failed with parameters: {'window_size': 32, 'batch_size': 32, 'lr': 0.0002691587840244694, 'hidden_dim': 64, 'num_layers': 2, 'dropout': 0.14759632469906447, 'scheduler_step_size': 6, 'scheduler_gamma': 0.5938355587581365} because of the following error: The value None could not be cast to float..
2024-09-25 16:01:55,929 - WARNING - Trial 37 failed with value None.
2024-09-25 16:01:55,953 - WARNING - Trial 38 failed with parameters: {'window_size': 24, 'batch_size': 32, 'lr': 0.00014319278042564947, 'hidden_dim': 64, 'num_layers': 2, 'dropout': 0.15244623430354365, 'scheduler_step_size': 6, 'scheduler_gamma': 0.5687403302063609} because of the following error: The value None could not be cast to float..
2024-09-25 16:01:55,953 - WARNING - Trial 38 failed with value None.
2024-09-25 16:01:55,977 - WARNING - Trial 39 failed with parameters: {'window_size': 12, 'batch_size': 32, 'lr': 0.00022064851249412647, 'hidden_dim': 64, 'num_layers': 2, 'dropout': 0.1542106763151525, 'scheduler_step_size': 6, 'scheduler_gamma': 0.5790938782461982} because of the following error: The value None could not be cast to float..
2024-09-25 16:01:55,977 - WARNING - Trial 39 failed with value None.
2024-09-25 16:01:55,999 - WARNING - Trial 40 failed with parameters: {'window_size': 4, 'batch_size': 32, 'lr': 0.00020744173688285828, 'hidden_dim': 64, 'num_layers': 2, 'dropout': 0.1526177297223404, 'scheduler_step_size': 6, 'scheduler_gamma': 0.8951850372574781} because of the following error: The value None could not be cast to float..
2024-09-25 16:01:55,999 - WARNING - Trial 40 failed with value None.
2024-09-25 16:01:56,022 - WARNING - Trial 41 failed with parameters: {'window_size': 8, 'batch_size': 32, 'lr': 0.00025769716645325427, 'hidden_dim': 64, 'num_layers': 2, 'dropout': 0.1567387110633804, 'scheduler_step_size': 6, 'scheduler_gamma': 0.896665609958705} because of the following error: The value None could not be cast to float..
2024-09-25 16:01:56,022 - WARNING - Trial 41 failed with value None.
2024-09-25 16:01:56,047 - WARNING - Trial 42 failed with parameters: {'window_size': 32, 'batch_size': 32, 'lr': 0.00018905080801398188, 'hidden_dim': 64, 'num_layers': 2, 'dropout': 0.1600863232676148, 'scheduler_step_size': 6, 'scheduler_gamma': 0.6051186454362076} because of the following error: The value None could not be cast to float..
2024-09-25 16:01:56,047 - WARNING - Trial 42 failed with value None.
2024-09-25 16:01:56,069 - WARNING - Trial 43 failed with parameters: {'window_size': 8, 'batch_size': 32, 'lr': 0.0002155440530373462, 'hidden_dim': 64, 'num_layers': 2, 'dropout': 0.15670766030229819, 'scheduler_step_size': 6, 'scheduler_gamma': 0.8989734833383216} because of the following error: The value None could not be cast to float..
2024-09-25 16:01:56,069 - WARNING - Trial 43 failed with value None.
2024-09-25 16:01:56,091 - WARNING - Trial 44 failed with parameters: {'window_size': 8, 'batch_size': 32, 'lr': 0.00028176384626500336, 'hidden_dim': 64, 'num_layers': 2, 'dropout': 0.15426003081304696, 'scheduler_step_size': 6, 'scheduler_gamma': 0.8979218625593051} because of the following error: The value None could not be cast to float..
2024-09-25 16:01:56,091 - WARNING - Trial 44 failed with value None.
2024-09-25 16:01:56,112 - WARNING - Trial 45 failed with parameters: {'window_size': 24, 'batch_size': 32, 'lr': 0.0005106536840231206, 'hidden_dim': 64, 'num_layers': 2, 'dropout': 0.1545519525215277, 'scheduler_step_size': 6, 'scheduler_gamma': 0.5993112226432504} because of the following error: The value None could not be cast to float..
2024-09-25 16:01:56,113 - WARNING - Trial 45 failed with value None.
2024-09-25 16:01:56,136 - WARNING - Trial 46 failed with parameters: {'window_size': 24, 'batch_size': 32, 'lr': 0.0002761472109818431, 'hidden_dim': 64, 'num_layers': 2, 'dropout': 0.1640880311769281, 'scheduler_step_size': 6, 'scheduler_gamma': 0.5877900783432557} because of the following error: The value None could not be cast to float..
2024-09-25 16:01:56,136 - WARNING - Trial 46 failed with value None.
2024-09-25 16:01:56,157 - WARNING - Trial 47 failed with parameters: {'window_size': 8, 'batch_size': 32, 'lr': 0.00021708244899764433, 'hidden_dim': 64, 'num_layers': 2, 'dropout': 0.15668036366915367, 'scheduler_step_size': 6, 'scheduler_gamma': 0.5979100186135935} because of the following error: The value None could not be cast to float..
2024-09-25 16:01:56,157 - WARNING - Trial 47 failed with value None.
2024-09-25 16:01:56,180 - WARNING - Trial 48 failed with parameters: {'window_size': 24, 'batch_size': 32, 'lr': 0.0002024797951866307, 'hidden_dim': 64, 'num_layers': 2, 'dropout': 0.15301477877035488, 'scheduler_step_size': 6, 'scheduler_gamma': 0.8979820895948349} because of the following error: The value None could not be cast to float..
2024-09-25 16:01:56,180 - WARNING - Trial 48 failed with value None.
2024-09-25 16:01:56,202 - WARNING - Trial 49 failed with parameters: {'window_size': 8, 'batch_size': 32, 'lr': 0.0002496900605830587, 'hidden_dim': 64, 'num_layers': 2, 'dropout': 0.155061771152873, 'scheduler_step_size': 6, 'scheduler_gamma': 0.5956798570222813} because of the following error: The value None could not be cast to float..
2024-09-25 16:01:56,202 - WARNING - Trial 49 failed with value None.
2024-09-25 16:01:56,225 - WARNING - Trial 50 failed with parameters: {'window_size': 32, 'batch_size': 32, 'lr': 0.00020580242697257995, 'hidden_dim': 64, 'num_layers': 2, 'dropout': 0.14957994536370567, 'scheduler_step_size': 6, 'scheduler_gamma': 0.6198220602252879} because of the following error: The value None could not be cast to float..
2024-09-25 16:01:56,225 - WARNING - Trial 50 failed with value None.
2024-09-25 16:01:56,246 - WARNING - Trial 51 failed with parameters: {'window_size': 12, 'batch_size': 32, 'lr': 0.00019320649722792622, 'hidden_dim': 64, 'num_layers': 2, 'dropout': 0.16012443154511177, 'scheduler_step_size': 6, 'scheduler_gamma': 0.5937327660216544} because of the following error: The value None could not be cast to float..
2024-09-25 16:01:56,246 - WARNING - Trial 51 failed with value None.
2024-09-25 16:01:56,269 - WARNING - Trial 52 failed with parameters: {'window_size': 12, 'batch_size': 32, 'lr': 0.00017933046778680295, 'hidden_dim': 64, 'num_layers': 2, 'dropout': 0.15241166459848643, 'scheduler_step_size': 6, 'scheduler_gamma': 0.5963128310841326} because of the following error: The value None could not be cast to float..
2024-09-25 16:01:56,269 - WARNING - Trial 52 failed with value None.
2024-09-25 16:01:56,292 - WARNING - Trial 53 failed with parameters: {'window_size': 8, 'batch_size': 32, 'lr': 0.00023510410016976932, 'hidden_dim': 64, 'num_layers': 2, 'dropout': 0.1595439578157154, 'scheduler_step_size': 6, 'scheduler_gamma': 0.5969685318861923} because of the following error: The value None could not be cast to float..
2024-09-25 16:01:56,292 - WARNING - Trial 53 failed with value None.
2024-09-25 16:01:56,322 - WARNING - Trial 54 failed with parameters: {'window_size': 12, 'batch_size': 32, 'lr': 0.00017804854031087624, 'hidden_dim': 64, 'num_layers': 2, 'dropout': 0.15167580145376225, 'scheduler_step_size': 6, 'scheduler_gamma': 0.5978964045649429} because of the following error: The value None could not be cast to float..
2024-09-25 16:01:56,322 - WARNING - Trial 54 failed with value None.
2024-09-25 16:01:56,344 - WARNING - Trial 55 failed with parameters: {'window_size': 32, 'batch_size': 32, 'lr': 0.00021977478358933957, 'hidden_dim': 64, 'num_layers': 2, 'dropout': 0.15270507797283828, 'scheduler_step_size': 6, 'scheduler_gamma': 0.8912104923092341} because of the following error: The value None could not be cast to float..
2024-09-25 16:01:56,344 - WARNING - Trial 55 failed with value None.
2024-09-25 16:01:56,367 - WARNING - Trial 56 failed with parameters: {'window_size': 32, 'batch_size': 32, 'lr': 0.0002460260052470139, 'hidden_dim': 64, 'num_layers': 2, 'dropout': 0.15382880443320068, 'scheduler_step_size': 6, 'scheduler_gamma': 0.5926220823479926} because of the following error: The value None could not be cast to float..
2024-09-25 16:01:56,368 - WARNING - Trial 56 failed with value None.
2024-09-25 16:01:56,389 - WARNING - Trial 57 failed with parameters: {'window_size': 4, 'batch_size': 32, 'lr': 0.0002493766225997236, 'hidden_dim': 64, 'num_layers': 2, 'dropout': 0.1494477501276657, 'scheduler_step_size': 6, 'scheduler_gamma': 0.8991220356288413} because of the following error: The value None could not be cast to float..
2024-09-25 16:01:56,389 - WARNING - Trial 57 failed with value None.
2024-09-25 16:01:56,410 - WARNING - Trial 58 failed with parameters: {'window_size': 4, 'batch_size': 32, 'lr': 0.0002333440131130467, 'hidden_dim': 64, 'num_layers': 2, 'dropout': 0.14983463552233595, 'scheduler_step_size': 6, 'scheduler_gamma': 0.6369053439266812} because of the following error: The value None could not be cast to float..
2024-09-25 16:01:56,410 - WARNING - Trial 58 failed with value None.
2024-09-25 16:01:56,430 - WARNING - Trial 59 failed with parameters: {'window_size': 4, 'batch_size': 32, 'lr': 0.0002736194120760583, 'hidden_dim': 64, 'num_layers': 2, 'dropout': 0.15514765299878908, 'scheduler_step_size': 6, 'scheduler_gamma': 0.6057219717338123} because of the following error: The value None could not be cast to float..
2024-09-25 16:01:56,431 - WARNING - Trial 59 failed with value None.
2024-09-25 16:01:56,452 - WARNING - Trial 60 failed with parameters: {'window_size': 32, 'batch_size': 32, 'lr': 0.0002179113653257715, 'hidden_dim': 64, 'num_layers': 2, 'dropout': 0.15192856250451475, 'scheduler_step_size': 6, 'scheduler_gamma': 0.3027250322882412} because of the following error: The value None could not be cast to float..
2024-09-25 16:01:56,452 - WARNING - Trial 60 failed with value None.
2024-09-25 16:01:56,473 - WARNING - Trial 61 failed with parameters: {'window_size': 24, 'batch_size': 32, 'lr': 0.0002458589325584615, 'hidden_dim': 64, 'num_layers': 2, 'dropout': 0.14758875773187988, 'scheduler_step_size': 6, 'scheduler_gamma': 0.5765894882978847} because of the following error: The value None could not be cast to float..
2024-09-25 16:01:56,474 - WARNING - Trial 61 failed with value None.
2024-09-25 16:01:56,495 - WARNING - Trial 62 failed with parameters: {'window_size': 8, 'batch_size': 32, 'lr': 0.0006747317015557558, 'hidden_dim': 64, 'num_layers': 2, 'dropout': 0.15068156233779903, 'scheduler_step_size': 6, 'scheduler_gamma': 0.6120130761963962} because of the following error: The value None could not be cast to float..
2024-09-25 16:01:56,495 - WARNING - Trial 62 failed with value None.
2024-09-25 16:01:56,516 - WARNING - Trial 63 failed with parameters: {'window_size': 32, 'batch_size': 32, 'lr': 0.00023266608697435399, 'hidden_dim': 64, 'num_layers': 2, 'dropout': 0.15038469805011653, 'scheduler_step_size': 6, 'scheduler_gamma': 0.8971869091656298} because of the following error: The value None could not be cast to float..
2024-09-25 16:01:56,516 - WARNING - Trial 63 failed with value None.
2024-09-25 16:01:56,536 - WARNING - Trial 64 failed with parameters: {'window_size': 4, 'batch_size': 32, 'lr': 0.0003482923022601986, 'hidden_dim': 64, 'num_layers': 2, 'dropout': 0.1523007374266816, 'scheduler_step_size': 6, 'scheduler_gamma': 0.5923614423620825} because of the following error: The value None could not be cast to float..
2024-09-25 16:01:56,536 - WARNING - Trial 64 failed with value None.
2024-09-25 16:01:56,557 - WARNING - Trial 65 failed with parameters: {'window_size': 4, 'batch_size': 32, 'lr': 0.00026423851958599936, 'hidden_dim': 64, 'num_layers': 2, 'dropout': 0.15647462940904816, 'scheduler_step_size': 6, 'scheduler_gamma': 0.8938163129395632} because of the following error: The value None could not be cast to float..
2024-09-25 16:01:56,557 - WARNING - Trial 65 failed with value None.
2024-09-25 16:01:56,578 - WARNING - Trial 66 failed with parameters: {'window_size': 8, 'batch_size': 32, 'lr': 0.00043890895449786546, 'hidden_dim': 64, 'num_layers': 2, 'dropout': 0.152934255063098