2024-09-25 11:35:46,060 - INFO - A new study created in memory with name: no-name-c65dfb48-6313-47d1-8a76-6ced6fbc068d
2024-09-25 11:51:25,717 - INFO - Trial 0 finished with value: 0.7958533333333335 and parameters: {'window_size': 12, 'batch_size': 128, 'lr': 5.728668475782431e-05, 'hidden_dim': 64, 'num_layers': 1, 'dropout': 0.11355708073765643, 'scheduler_step_size': 5, 'scheduler_gamma': 0.43009115850730256}. Best is trial 0 with value: 0.7958533333333335.
2024-09-25 12:00:58,864 - INFO - Trial 1 finished with value: 0.7730930232558139 and parameters: {'window_size': 48, 'batch_size': 64, 'lr': 1.0714946492413065e-05, 'hidden_dim': 128, 'num_layers': 1, 'dropout': 0.047129685987936036, 'scheduler_step_size': 5, 'scheduler_gamma': 0.5211390124476678}. Best is trial 1 with value: 0.7730930232558139.
2024-09-25 12:21:54,963 - INFO - Trial 2 finished with value: 0.7414799999999999 and parameters: {'window_size': 16, 'batch_size': 64, 'lr': 0.0006410304394810666, 'hidden_dim': 128, 'num_layers': 2, 'dropout': 0.1168458303912393, 'scheduler_step_size': 3, 'scheduler_gamma': 0.6950351274338201}. Best is trial 2 with value: 0.7414799999999999.
2024-09-25 12:47:03,157 - INFO - Trial 3 finished with value: 0.8730266666666665 and parameters: {'window_size': 8, 'batch_size': 64, 'lr': 0.0034973083757053602, 'hidden_dim': 256, 'num_layers': 3, 'dropout': 0.15134171355469175, 'scheduler_step_size': 3, 'scheduler_gamma': 0.5004105240952922}. Best is trial 2 with value: 0.7414799999999999.
2024-09-25 13:14:34,327 - INFO - Trial 4 finished with value: 0.8722400000000001 and parameters: {'window_size': 4, 'batch_size': 64, 'lr': 0.00025486978915900064, 'hidden_dim': 256, 'num_layers': 3, 'dropout': 0.10362605342431659, 'scheduler_step_size': 3, 'scheduler_gamma': 0.8187332938790466}. Best is trial 2 with value: 0.7414799999999999.
2024-09-25 13:32:54,058 - INFO - Trial 5 finished with value: 0.3614883720930232 and parameters: {'window_size': 48, 'batch_size': 32, 'lr': 0.0053727433064559155, 'hidden_dim': 64, 'num_layers': 3, 'dropout': 0.17449362875158103, 'scheduler_step_size': 3, 'scheduler_gamma': 0.7657379697744249}. Best is trial 5 with value: 0.3614883720930232.
2024-09-25 13:48:03,610 - INFO - Trial 6 finished with value: 0.3632558139534884 and parameters: {'window_size': 48, 'batch_size': 32, 'lr': 0.005166239454804216, 'hidden_dim': 32, 'num_layers': 2, 'dropout': 0.1619646306188798, 'scheduler_step_size': 3, 'scheduler_gamma': 0.39691402500871137}. Best is trial 5 with value: 0.3614883720930232.
2024-09-25 14:12:34,846 - INFO - Trial 7 finished with value: 0.7572133333333334 and parameters: {'window_size': 16, 'batch_size': 64, 'lr': 4.430193023276929e-05, 'hidden_dim': 128, 'num_layers': 1, 'dropout': 0.038186859807618025, 'scheduler_step_size': 4, 'scheduler_gamma': 0.3240029829784473}. Best is trial 5 with value: 0.3614883720930232.
2024-09-25 14:28:08,390 - INFO - Trial 8 finished with value: 0.7152093023255814 and parameters: {'window_size': 48, 'batch_size': 32, 'lr': 2.285922085046516e-05, 'hidden_dim': 128, 'num_layers': 1, 'dropout': 0.0675330596478275, 'scheduler_step_size': 3, 'scheduler_gamma': 0.387753951787126}. Best is trial 5 with value: 0.3614883720930232.
2024-09-25 14:53:02,398 - INFO - Trial 9 finished with value: 0.6320724637681159 and parameters: {'window_size': 24, 'batch_size': 32, 'lr': 0.002477994440786536, 'hidden_dim': 128, 'num_layers': 1, 'dropout': 0.126410049944731, 'scheduler_step_size': 6, 'scheduler_gamma': 0.48638852765391527}. Best is trial 5 with value: 0.3614883720930232.
2024-09-25 15:03:32,677 - INFO - Trial 10 finished with value: 0.5294262295081967 and parameters: {'window_size': 32, 'batch_size': 128, 'lr': 0.0010048089698376243, 'hidden_dim': 64, 'num_layers': 3, 'dropout': 0.19940551465733203, 'scheduler_step_size': 7, 'scheduler_gamma': 0.8448017117917508}. Best is trial 5 with value: 0.3614883720930232.
2024-09-25 15:16:32,249 - INFO - Trial 11 finished with value: 0.373860465116279 and parameters: {'window_size': 48, 'batch_size': 32, 'lr': 0.009211812708515075, 'hidden_dim': 32, 'num_layers': 2, 'dropout': 0.1796537444358428, 'scheduler_step_size': 4, 'scheduler_gamma': 0.707077712294127}. Best is trial 5 with value: 0.3614883720930232.
2024-09-25 15:28:39,434 - INFO - Trial 12 finished with value: 0.4024651162790698 and parameters: {'window_size': 48, 'batch_size': 32, 'lr': 0.006370833411516221, 'hidden_dim': 32, 'num_layers': 2, 'dropout': 0.1579902926592903, 'scheduler_step_size': 4, 'scheduler_gamma': 0.6327965904295413}. Best is trial 5 with value: 0.3614883720930232.
