2024-09-19 11:36:37,642 - INFO - A new study created in memory with name: no-name-a605dc9b-63aa-4823-b75e-2662086ba478
2024-09-19 12:55:43,119 - INFO - Trial 0 finished with value: 6.100546666666667 and parameters: {'batch_size': 32, 'lr': 0.061246351795908836, 'dropout': 0.22074618353430986, 'scheduler_step_size': 4, 'scheduler_gamma': 0.37423333100397826}. Best is trial 0 with value: 6.100546666666667.
2024-09-19 14:02:09,638 - INFO - Trial 1 finished with value: 0.37849333333333335 and parameters: {'batch_size': 32, 'lr': 8.69302526413397e-05, 'dropout': 0.3668280383842574, 'scheduler_step_size': 6, 'scheduler_gamma': 0.2127743681473418}. Best is trial 1 with value: 0.37849333333333335.
2024-09-19 14:30:38,808 - INFO - Trial 2 finished with value: -0.08410666666666664 and parameters: {'batch_size': 128, 'lr': 6.102957174791807e-05, 'dropout': 0.09103451461211409, 'scheduler_step_size': 3, 'scheduler_gamma': 0.607591365457126}. Best is trial 2 with value: -0.08410666666666664.
2024-09-19 15:06:02,804 - INFO - Trial 3 finished with value: 0.44205333333333335 and parameters: {'batch_size': 64, 'lr': 1.2139004701561086e-05, 'dropout': 0.09974085845537345, 'scheduler_step_size': 1, 'scheduler_gamma': 0.29860215751145336}. Best is trial 2 with value: -0.08410666666666664.
2024-09-19 15:31:23,810 - INFO - Trial 4 finished with value: 0.03210666666666667 and parameters: {'batch_size': 64, 'lr': 0.00013488021709525113, 'dropout': 0.29277360048850626, 'scheduler_step_size': 9, 'scheduler_gamma': 0.5166100179139588}. Best is trial 2 with value: -0.08410666666666664.
2024-09-19 15:48:36,962 - INFO - Trial 5 finished with value: 36.23001333333334 and parameters: {'batch_size': 128, 'lr': 0.09649277672652123, 'dropout': 0.46642320284945415, 'scheduler_step_size': 5, 'scheduler_gamma': 0.579535149112915}. Best is trial 2 with value: -0.08410666666666664.
2024-09-19 16:05:28,860 - INFO - Trial 6 finished with value: 3.5143066666666662 and parameters: {'batch_size': 128, 'lr': 0.018636144525516513, 'dropout': 0.2469565406464443, 'scheduler_step_size': 3, 'scheduler_gamma': 0.7271206255155778}. Best is trial 2 with value: -0.08410666666666664.
2024-09-19 16:32:29,981 - INFO - Trial 7 finished with value: 0.023266666666666668 and parameters: {'batch_size': 64, 'lr': 0.0002548824971561467, 'dropout': 0.3398498999047331, 'scheduler_step_size': 2, 'scheduler_gamma': 0.49311279705155675}. Best is trial 2 with value: -0.08410666666666664.
2024-09-19 16:57:42,439 - INFO - Trial 8 finished with value: 0.12802666666666668 and parameters: {'batch_size': 64, 'lr': 0.004075537112632522, 'dropout': 0.30487406771747544, 'scheduler_step_size': 1, 'scheduler_gamma': 0.26490816329838707}. Best is trial 2 with value: -0.08410666666666664.
2024-09-19 17:24:40,061 - INFO - Trial 9 finished with value: -0.021706666666666673 and parameters: {'batch_size': 64, 'lr': 0.00010671165343898906, 'dropout': 0.14629662516780484, 'scheduler_step_size': 3, 'scheduler_gamma': 0.3965138426267656}. Best is trial 2 with value: -0.08410666666666664.
2024-09-19 17:47:31,054 - INFO - Trial 10 finished with value: 0.33934666666666674 and parameters: {'batch_size': 128, 'lr': 1.0695364989661064e-05, 'dropout': 0.011738148714334526, 'scheduler_step_size': 7, 'scheduler_gamma': 0.8887390382620874}. Best is trial 2 with value: -0.08410666666666664.
2024-09-19 18:05:39,890 - INFO - Trial 11 finished with value: 0.044760000000000015 and parameters: {'batch_size': 128, 'lr': 0.0008097566396025116, 'dropout': 0.13203381932310682, 'scheduler_step_size': 3, 'scheduler_gamma': 0.11079035335439702}. Best is trial 2 with value: -0.08410666666666664.
2024-09-19 18:36:20,975 - INFO - Trial 12 finished with value: -0.033479999999999996 and parameters: {'batch_size': 64, 'lr': 3.919401688693959e-05, 'dropout': 0.13615272362556524, 'scheduler_step_size': 4, 'scheduler_gamma': 0.6344375473506204}. Best is trial 2 with value: -0.08410666666666664.
2024-09-19 18:56:44,622 - INFO - Trial 13 finished with value: 0.26654666666666665 and parameters: {'batch_size': 128, 'lr': 3.217208533706235e-05, 'dropout': 0.0019035659620209588, 'scheduler_step_size': 5, 'scheduler_gamma': 0.6924656441286868}. Best is trial 2 with value: -0.08410666666666664.
2024-09-19 19:38:14,479 - INFO - Trial 14 finished with value: 1.5289600000000003 and parameters: {'batch_size': 32, 'lr': 0.0005740443785979802, 'dropout': 0.06927580332274891, 'scheduler_step_size': 8, 'scheduler_gamma': 0.6751433899348646}. Best is trial 2 with value: -0.08410666666666664.
2024-09-19 20:09:35,728 - INFO - Trial 15 finished with value: 0.026906666666666683 and parameters: {'batch_size': 64, 'lr': 3.775702577641493e-05, 'dropout': 0.1891573206761457, 'scheduler_step_size': 4, 'scheduler_gamma': 0.8459436740230002}. Best is trial 2 with value: -0.08410666666666664.
2024-09-19 20:23:52,649 - INFO - Trial 16 finished with value: 0.8112133333333335 and parameters: {'batch_size': 128, 'lr': 0.0026525442021823565, 'dropout': 0.0646453396160277, 'scheduler_step_size': 10, 'scheduler_gamma': 0.5971916425319805}. Best is trial 2 with value: -0.08410666666666664.
2024-09-19 20:55:20,439 - INFO - Trial 17 finished with value: -0.04157333333333334 and parameters: {'batch_size': 64, 'lr': 3.2019122948607797e-05, 'dropout': 0.16919986582955726, 'scheduler_step_size': 6, 'scheduler_gamma': 0.786452775658445}. Best is trial 2 with value: -0.08410666666666664.
2024-09-19 21:12:31,341 - INFO - Trial 18 finished with value: 0.050586666666666676 and parameters: {'batch_size': 128, 'lr': 0.00022335213095556224, 'dropout': 0.18920819410083384, 'scheduler_step_size': 7, 'scheduler_gamma': 0.7797902365704594}. Best is trial 2 with value: -0.08410666666666664.
2024-09-19 21:53:42,205 - INFO - Trial 19 finished with value: 0.88964 and parameters: {'batch_size': 32, 'lr': 0.001970473328666918, 'dropout': 0.44675036695190806, 'scheduler_step_size': 6, 'scheduler_gamma': 0.7815191060796634}. Best is trial 2 with value: -0.08410666666666664.
2024-09-19 22:14:06,102 - INFO - Trial 20 finished with value: 0.021413333333333322 and parameters: {'batch_size': 128, 'lr': 2.410174273362168e-05, 'dropout': 0.06053614120088512, 'scheduler_step_size': 7, 'scheduler_gamma': 0.48834005741934994}. Best is trial 2 with value: -0.08410666666666664.
2024-09-19 22:43:25,463 - INFO - Trial 21 finished with value: -0.05593333333333333 and parameters: {'batch_size': 64, 'lr': 5.708073837118782e-05, 'dropout': 0.1443171101472182, 'scheduler_step_size': 4, 'scheduler_gamma': 0.6133172316792823}. Best is trial 2 with value: -0.08410666666666664.
2024-09-19 23:12:34,337 - INFO - Trial 22 finished with value: -0.009173333333333353 and parameters: {'batch_size': 64, 'lr': 6.710043162149204e-05, 'dropout': 0.17175390189649642, 'scheduler_step_size': 5, 'scheduler_gamma': 0.7560262116441829}. Best is trial 2 with value: -0.08410666666666664.
2024-09-19 23:38:22,878 - INFO - Trial 23 finished with value: 0.16281333333333334 and parameters: {'batch_size': 64, 'lr': 0.0003087074182800175, 'dropout': 0.09905699829103538, 'scheduler_step_size': 2, 'scheduler_gamma': 0.5579553277986835}. Best is trial 2 with value: -0.08410666666666664.
2024-09-20 00:12:20,958 - INFO - Trial 24 finished with value: 0.08539999999999996 and parameters: {'batch_size': 64, 'lr': 2.1673468947773714e-05, 'dropout': 0.2342168369521631, 'scheduler_step_size': 4, 'scheduler_gamma': 0.649491543303885}. Best is trial 2 with value: -0.08410666666666664.
2024-09-20 00:42:44,782 - INFO - Trial 25 finished with value: -0.09275999999999998 and parameters: {'batch_size': 64, 'lr': 6.423234052844665e-05, 'dropout': 0.10033289131610396, 'scheduler_step_size': 2, 'scheduler_gamma': 0.4424698845090821}. Best is trial 25 with value: -0.09275999999999998.
2024-09-20 01:09:19,116 - INFO - Trial 26 finished with value: 0.046413333333333334 and parameters: {'batch_size': 64, 'lr': 7.31194716408031e-05, 'dropout': 0.04304317255949995, 'scheduler_step_size': 2, 'scheduler_gamma': 0.38115679199201546}. Best is trial 25 with value: -0.09275999999999998.
2024-09-20 01:34:50,371 - INFO - Trial 27 finished with value: 0.29712 and parameters: {'batch_size': 64, 'lr': 0.0001919455539580199, 'dropout': 0.0991585551706062, 'scheduler_step_size': 3, 'scheduler_gamma': 0.4378616453627136}. Best is trial 25 with value: -0.09275999999999998.
2024-09-20 02:24:21,747 - INFO - Trial 28 finished with value: 0.5417733333333333 and parameters: {'batch_size': 32, 'lr': 0.000636082223156274, 'dropout': 0.10689028329740868, 'scheduler_step_size': 1, 'scheduler_gamma': 0.44269842966103523}. Best is trial 25 with value: -0.09275999999999998.
2024-09-20 02:43:04,965 - INFO - Trial 29 finished with value: 2.576373333333333 and parameters: {'batch_size': 128, 'lr': 0.013266249128936378, 'dropout': 0.21156368369992992, 'scheduler_step_size': 2, 'scheduler_gamma': 0.32607703403890825}. Best is trial 25 with value: -0.09275999999999998.
2024-09-20 03:27:33,878 - INFO - Trial 30 finished with value: 1.5960400000000001 and parameters: {'batch_size': 32, 'lr': 0.0004907151183887725, 'dropout': 0.04394988980580484, 'scheduler_step_size': 4, 'scheduler_gamma': 0.5353785038830065}. Best is trial 25 with value: -0.09275999999999998.
2024-09-20 03:57:25,932 - INFO - Trial 31 finished with value: -0.03374666666666667 and parameters: {'batch_size': 64, 'lr': 4.692318402197285e-05, 'dropout': 0.15863239147232033, 'scheduler_step_size': 6, 'scheduler_gamma': 0.8418767583487151}. Best is trial 25 with value: -0.09275999999999998.
2024-09-20 04:33:43,003 - INFO - Trial 32 finished with value: 0.12493333333333333 and parameters: {'batch_size': 64, 'lr': 1.4649890884761888e-05, 'dropout': 0.12738308735031637, 'scheduler_step_size': 3, 'scheduler_gamma': 0.6118829465007174}. Best is trial 25 with value: -0.09275999999999998.
2024-09-20 05:03:53,386 - INFO - Trial 33 finished with value: 0.0022399999999999894 and parameters: {'batch_size': 64, 'lr': 5.9762266061070305e-05, 'dropout': 0.19020494501598292, 'scheduler_step_size': 5, 'scheduler_gamma': 0.6864736841862351}. Best is trial 25 with value: -0.09275999999999998.
2024-09-20 05:33:45,193 - INFO - Trial 34 finished with value: -0.032693333333333324 and parameters: {'batch_size': 64, 'lr': 0.00013918749239689033, 'dropout': 0.27470799713039257, 'scheduler_step_size': 2, 'scheduler_gamma': 0.4435871690289598}. Best is trial 25 with value: -0.09275999999999998.
2024-09-20 06:09:09,644 - INFO - Trial 35 finished with value: 0.031359999999999985 and parameters: {'batch_size': 64, 'lr': 1.554408703813089e-05, 'dropout': 0.1109991729388449, 'scheduler_step_size': 4, 'scheduler_gamma': 0.3302745491227584}. Best is trial 25 with value: -0.09275999999999998.
2024-09-20 06:37:06,550 - INFO - Trial 36 finished with value: -0.0002933333333333371 and parameters: {'batch_size': 64, 'lr': 0.0001078763405033973, 'dropout': 0.2071626303867638, 'scheduler_step_size': 8, 'scheduler_gamma': 0.7203400790337161}. Best is trial 25 with value: -0.09275999999999998.
2024-09-20 07:32:53,592 - INFO - Trial 37 finished with value: 0.3565466666666667 and parameters: {'batch_size': 32, 'lr': 2.6966598654428255e-05, 'dropout': 0.08481670959459522, 'scheduler_step_size': 5, 'scheduler_gamma': 0.5500741411812508}. Best is trial 25 with value: -0.09275999999999998.
2024-09-20 07:50:31,510 - INFO - Trial 38 finished with value: 0.4878666666666665 and parameters: {'batch_size': 128, 'lr': 0.00015205509491239295, 'dropout': 0.031233187111225275, 'scheduler_step_size': 6, 'scheduler_gamma': 0.8221895464577215}. Best is trial 25 with value: -0.09275999999999998.
2024-09-20 08:20:39,332 - INFO - Trial 39 finished with value: -0.019466666666666674 and parameters: {'batch_size': 64, 'lr': 0.0003555504996537052, 'dropout': 0.26891075876063536, 'scheduler_step_size': 1, 'scheduler_gamma': 0.47728200901632817}. Best is trial 25 with value: -0.09275999999999998.
2024-09-20 08:57:28,566 - INFO - Trial 40 finished with value: 0.7153999999999999 and parameters: {'batch_size': 64, 'lr': 0.0014782142188266157, 'dropout': 0.16265069153694886, 'scheduler_step_size': 3, 'scheduler_gamma': 0.24957340575749026}. Best is trial 25 with value: -0.09275999999999998.
2024-09-20 09:43:39,184 - INFO - Trial 41 finished with value: -0.023920000000000014 and parameters: {'batch_size': 64, 'lr': 4.795186858559835e-05, 'dropout': 0.1568562907300064, 'scheduler_step_size': 6, 'scheduler_gamma': 0.8934445072352311}. Best is trial 25 with value: -0.09275999999999998.
2024-09-20 10:25:06,731 - INFO - Trial 42 finished with value: 0.20093333333333332 and parameters: {'batch_size': 64, 'lr': 8.747042084336832e-05, 'dropout': 0.1332291071482693, 'scheduler_step_size': 6, 'scheduler_gamma': 0.8233116279489074}. Best is trial 25 with value: -0.09275999999999998.
2024-09-20 11:11:09,877 - INFO - Trial 43 finished with value: 0.08263999999999996 and parameters: {'batch_size': 64, 'lr': 1.8662079500424397e-05, 'dropout': 0.16992457702179864, 'scheduler_step_size': 7, 'scheduler_gamma': 0.8581225522129361}. Best is trial 25 with value: -0.09275999999999998.
2024-09-20 11:51:55,689 - INFO - Trial 44 finished with value: 0.07941333333333335 and parameters: {'batch_size': 64, 'lr': 1.064774731968571e-05, 'dropout': 0.2256075661548744, 'scheduler_step_size': 8, 'scheduler_gamma': 0.7409393830754135}. Best is trial 25 with value: -0.09275999999999998.
2024-09-20 12:13:32,642 - INFO - Trial 45 finished with value: -0.12522666666666665 and parameters: {'batch_size': 128, 'lr': 3.5050415165242365e-05, 'dropout': 0.0800338157146844, 'scheduler_step_size': 5, 'scheduler_gamma': 0.6393709017487642}. Best is trial 45 with value: -0.12522666666666665.
2024-09-20 12:36:50,823 - INFO - Trial 46 finished with value: -0.1492133333333333 and parameters: {'batch_size': 128, 'lr': 3.373711586946143e-05, 'dropout': 0.08114035191838617, 'scheduler_step_size': 4, 'scheduler_gamma': 0.640720281581316}. Best is trial 46 with value: -0.1492133333333333.
2024-09-20 12:57:20,948 - INFO - Trial 47 finished with value: 0.48058666666666655 and parameters: {'batch_size': 128, 'lr': 9.068026175109329e-05, 'dropout': 0.022531054254627578, 'scheduler_step_size': 4, 'scheduler_gamma': 0.62849348874976}. Best is trial 46 with value: -0.1492133333333333.
2024-09-20 13:16:56,684 - INFO - Trial 48 finished with value: 1.8424799999999997 and parameters: {'batch_size': 128, 'lr': 0.009199519015127324, 'dropout': 0.07739330149249082, 'scheduler_step_size': 3, 'scheduler_gamma': 0.5673315933207861}. Best is trial 46 with value: -0.1492133333333333.
2024-09-20 13:36:56,950 - INFO - Trial 49 finished with value: 3.5601199999999995 and parameters: {'batch_size': 128, 'lr': 0.0364070572226529, 'dropout': 0.05503536490281042, 'scheduler_step_size': 3, 'scheduler_gamma': 0.5092344708673572}. Best is trial 46 with value: -0.1492133333333333.
2024-09-20 14:01:20,931 - INFO - Trial 50 finished with value: -0.06314666666666667 and parameters: {'batch_size': 128, 'lr': 5.0470202807784506e-05, 'dropout': 0.39677631139620334, 'scheduler_step_size': 4, 'scheduler_gamma': 0.6571801906292801}. Best is trial 46 with value: -0.1492133333333333.
2024-09-20 14:29:33,783 - INFO - Trial 51 finished with value: -0.034359999999999995 and parameters: {'batch_size': 128, 'lr': 5.2396103896768966e-05, 'dropout': 0.4412504780973755, 'scheduler_step_size': 4, 'scheduler_gamma': 0.6573941365634721}. Best is trial 46 with value: -0.1492133333333333.
2024-09-20 14:55:38,099 - INFO - Trial 52 finished with value: 0.02710666666666667 and parameters: {'batch_size': 128, 'lr': 3.356759207771276e-05, 'dropout': 0.39712689097391224, 'scheduler_step_size': 5, 'scheduler_gamma': 0.6076370373150147}. Best is trial 46 with value: -0.1492133333333333.
2024-09-20 15:20:50,628 - INFO - Trial 53 finished with value: -0.11969333333333333 and parameters: {'batch_size': 128, 'lr': 2.166584008534318e-05, 'dropout': 0.08418148591398787, 'scheduler_step_size': 4, 'scheduler_gamma': 0.7055802578359356}. Best is trial 46 with value: -0.1492133333333333.
2024-09-20 15:45:58,168 - INFO - Trial 54 finished with value: 0.10094666666666668 and parameters: {'batch_size': 128, 'lr': 2.183044431228146e-05, 'dropout': 0.3320615737952144, 'scheduler_step_size': 2, 'scheduler_gamma': 0.6941375305342004}. Best is trial 46 with value: -0.1492133333333333.
2024-09-20 16:14:42,710 - INFO - Trial 55 finished with value: 0.18617333333333333 and parameters: {'batch_size': 128, 'lr': 1.4627834673943676e-05, 'dropout': 0.4979326046145483, 'scheduler_step_size': 5, 'scheduler_gamma': 0.5848190433787175}. Best is trial 46 with value: -0.1492133333333333.
2024-09-20 16:51:25,071 - INFO - Trial 56 finished with value: -0.017120000000000014 and parameters: {'batch_size': 128, 'lr': 3.889653169840797e-05, 'dropout': 0.39670663215130453, 'scheduler_step_size': 3, 'scheduler_gamma': 0.7013166013515041}. Best is trial 46 with value: -0.1492133333333333.
2024-09-20 17:22:16,399 - INFO - Trial 57 finished with value: -0.06429333333333333 and parameters: {'batch_size': 128, 'lr': 0.00011302803942190154, 'dropout': 0.11704498611096449, 'scheduler_step_size': 4, 'scheduler_gamma': 0.5348057832540961}. Best is trial 46 with value: -0.1492133333333333.
2024-09-20 17:53:55,192 - INFO - Trial 58 finished with value: 0.2112 and parameters: {'batch_size': 128, 'lr': 0.00017288235797475982, 'dropout': 0.08758315592265638, 'scheduler_step_size': 5, 'scheduler_gamma': 0.5345581689413216}. Best is trial 46 with value: -0.1492133333333333.
2024-09-20 18:27:08,844 - INFO - Trial 59 finished with value: -0.1311733333333333 and parameters: {'batch_size': 128, 'lr': 0.00011582896541920822, 'dropout': 0.1230289193948637, 'scheduler_step_size': 3, 'scheduler_gamma': 0.46398686184609816}. Best is trial 46 with value: -0.1492133333333333.
2024-09-20 18:58:50,972 - INFO - Trial 60 finished with value: 0.2535466666666666 and parameters: {'batch_size': 128, 'lr': 2.7177217107461587e-05, 'dropout': 0.011484263712978393, 'scheduler_step_size': 2, 'scheduler_gamma': 0.40603024530089304}. Best is trial 46 with value: -0.1492133333333333.
2024-09-20 19:32:08,590 - INFO - Trial 61 finished with value: -0.14378666666666667 and parameters: {'batch_size': 128, 'lr': 0.00010526444365832321, 'dropout': 0.12241355758300664, 'scheduler_step_size': 3, 'scheduler_gamma': 0.5074807201796304}. Best is trial 46 with value: -0.1492133333333333.
2024-09-20 20:21:56,444 - INFO - Trial 62 finished with value: -0.08651999999999999 and parameters: {'batch_size': 128, 'lr': 7.270686659067153e-05, 'dropout': 0.07658407412548712, 'scheduler_step_size': 3, 'scheduler_gamma': 0.46798084566312353}. Best is trial 46 with value: -0.1492133333333333.
2024-09-20 22:23:29,160 - INFO - Trial 63 finished with value: -0.05261333333333335 and parameters: {'batch_size': 128, 'lr': 8.141854063703159e-05, 'dropout': 0.0735866085513834, 'scheduler_step_size': 3, 'scheduler_gamma': 0.47619697831622054}. Best is trial 46 with value: -0.1492133333333333.
2024-09-20 22:42:46,153 - INFO - Trial 64 finished with value: 0.009240000000000003 and parameters: {'batch_size': 128, 'lr': 0.00030446311450321576, 'dropout': 0.0480666473333675, 'scheduler_step_size': 2, 'scheduler_gamma': 0.3498510028321491}. Best is trial 46 with value: -0.1492133333333333.
2024-09-20 23:06:24,427 - INFO - Trial 65 finished with value: -0.03921333333333332 and parameters: {'batch_size': 128, 'lr': 3.8183905970199804e-05, 'dropout': 0.09330823207603532, 'scheduler_step_size': 3, 'scheduler_gamma': 0.4167730250833961}. Best is trial 46 with value: -0.1492133333333333.
2024-09-20 23:28:43,829 - INFO - Trial 66 finished with value: -0.04712 and parameters: {'batch_size': 128, 'lr': 6.588456713082579e-05, 'dropout': 0.11350726754912854, 'scheduler_step_size': 1, 'scheduler_gamma': 0.4593913281398245}. Best is trial 46 with value: -0.1492133333333333.
2024-09-20 23:48:00,849 - INFO - Trial 67 finished with value: 0.2056533333333333 and parameters: {'batch_size': 128, 'lr': 0.00012067499820088673, 'dropout': 0.0667322755834147, 'scheduler_step_size': 4, 'scheduler_gamma': 0.5098842845824455}. Best is trial 46 with value: -0.1492133333333333.
2024-09-21 00:09:26,355 - INFO - Trial 68 finished with value: 0.20676 and parameters: {'batch_size': 128, 'lr': 0.00022806925717952888, 'dropout': 0.0320754110748252, 'scheduler_step_size': 3, 'scheduler_gamma': 0.3773379805929443}. Best is trial 46 with value: -0.1492133333333333.
2024-09-21 00:35:03,102 - INFO - Trial 69 finished with value: 0.013293333333333332 and parameters: {'batch_size': 128, 'lr': 1.8115377171320518e-05, 'dropout': 0.1215742173671598, 'scheduler_step_size': 2, 'scheduler_gamma': 0.4276968847403737}. Best is trial 46 with value: -0.1492133333333333.
2024-09-21 01:02:19,764 - INFO - Trial 70 finished with value: -0.08117333333333333 and parameters: {'batch_size': 128, 'lr': 2.9235820021547766e-05, 'dropout': 0.14396810540833627, 'scheduler_step_size': 3, 'scheduler_gamma': 0.46193423191003075}. Best is trial 46 with value: -0.1492133333333333.
2024-09-21 01:24:49,788 - INFO - Trial 71 finished with value: -0.07818666666666668 and parameters: {'batch_size': 128, 'lr': 8.141247182530218e-05, 'dropout': 0.1010577635635416, 'scheduler_step_size': 4, 'scheduler_gamma': 0.5761901450891519}. Best is trial 46 with value: -0.1492133333333333.
2024-09-21 01:47:35,797 - INFO - Trial 72 finished with value: -0.10834666666666666 and parameters: {'batch_size': 128, 'lr': 4.361341232697886e-05, 'dropout': 0.08444354739499646, 'scheduler_step_size': 3, 'scheduler_gamma': 0.1366933589993657}. Best is trial 46 with value: -0.1492133333333333.
2024-09-21 02:10:35,999 - INFO - Trial 73 finished with value: -0.08598666666666667 and parameters: {'batch_size': 128, 'lr': 4.1811737136092275e-05, 'dropout': 0.07821598732817754, 'scheduler_step_size': 3, 'scheduler_gamma': 0.24994304422822408}. Best is trial 46 with value: -0.1492133333333333.
