2024-09-23 11:24:53,402 - INFO - A new study created in memory with name: no-name-48f5b869-8496-48dd-be94-ffcb64e13096
2024-09-23 11:38:03,877 - INFO - Trial 0 finished with value: 0.4133488372093023 and parameters: {'window_size': 48, 'batch_size': 64, 'lr': 0.0007122666351204402, 'hidden_dim': 256, 'num_layers': 1, 'dropout': 0.06335714355753617, 'scheduler_step_size': 7, 'scheduler_gamma': 0.8595787660851313}. Best is trial 0 with value: 0.4133488372093023.
2024-09-23 12:11:52,081 - INFO - Trial 1 finished with value: 0.7434799999999998 and parameters: {'window_size': 16, 'batch_size': 32, 'lr': 0.0015374931662630487, 'hidden_dim': 128, 'num_layers': 1, 'dropout': 0.012326698953087224, 'scheduler_step_size': 4, 'scheduler_gamma': 0.37295028009178455}. Best is trial 0 with value: 0.4133488372093023.
2024-09-23 12:29:55,113 - INFO - Trial 2 finished with value: 0.79264 and parameters: {'window_size': 8, 'batch_size': 128, 'lr': 0.001366045281291008, 'hidden_dim': 32, 'num_layers': 1, 'dropout': 0.10132689069378852, 'scheduler_step_size': 4, 'scheduler_gamma': 0.6710438513944443}. Best is trial 0 with value: 0.4133488372093023.
2024-09-23 12:51:41,689 - INFO - Trial 3 finished with value: 0.5068524590163934 and parameters: {'window_size': 32, 'batch_size': 64, 'lr': 0.00031955219387350624, 'hidden_dim': 256, 'num_layers': 2, 'dropout': 0.15191867150606436, 'scheduler_step_size': 7, 'scheduler_gamma': 0.30923773190121867}. Best is trial 0 with value: 0.4133488372093023.
2024-09-23 12:58:05,468 - INFO - Trial 4 finished with value: 0.6053023255813953 and parameters: {'window_size': 48, 'batch_size': 128, 'lr': 0.00014835951814037534, 'hidden_dim': 256, 'num_layers': 2, 'dropout': 0.016804311729116162, 'scheduler_step_size': 5, 'scheduler_gamma': 0.7087751102050365}. Best is trial 0 with value: 0.4133488372093023.
2024-09-23 13:22:53,397 - INFO - Trial 5 finished with value: 0.8540000000000002 and parameters: {'window_size': 4, 'batch_size': 64, 'lr': 0.00011561598954991705, 'hidden_dim': 256, 'num_layers': 1, 'dropout': 0.09243561550962039, 'scheduler_step_size': 5, 'scheduler_gamma': 0.6953538430934684}. Best is trial 0 with value: 0.4133488372093023.
2024-09-23 13:56:53,144 - INFO - Trial 6 finished with value: 0.8076399999999999 and parameters: {'window_size': 8, 'batch_size': 32, 'lr': 0.00957008735233141, 'hidden_dim': 32, 'num_layers': 2, 'dropout': 0.05378401786391414, 'scheduler_step_size': 5, 'scheduler_gamma': 0.3658233139293107}. Best is trial 0 with value: 0.4133488372093023.
2024-09-23 14:11:00,826 - INFO - Trial 7 finished with value: 0.7698666666666667 and parameters: {'window_size': 16, 'batch_size': 64, 'lr': 0.0014884862033904141, 'hidden_dim': 64, 'num_layers': 1, 'dropout': 0.11158619125885577, 'scheduler_step_size': 6, 'scheduler_gamma': 0.8439899148311127}. Best is trial 0 with value: 0.4133488372093023.
2024-09-23 14:40:10,705 - INFO - Trial 8 finished with value: 0.8752933333333334 and parameters: {'window_size': 4, 'batch_size': 32, 'lr': 0.001608330728776666, 'hidden_dim': 128, 'num_layers': 1, 'dropout': 0.16132719939927279, 'scheduler_step_size': 5, 'scheduler_gamma': 0.8478017481212754}. Best is trial 0 with value: 0.4133488372093023.
2024-09-23 14:46:35,328 - INFO - Trial 9 finished with value: 0.4872131147540984 and parameters: {'window_size': 32, 'batch_size': 128, 'lr': 0.0042324799583602175, 'hidden_dim': 32, 'num_layers': 1, 'dropout': 0.04445992289487719, 'scheduler_step_size': 3, 'scheduler_gamma': 0.7415334004610799}. Best is trial 0 with value: 0.4133488372093023.
2024-09-23 14:58:30,645 - INFO - Trial 10 finished with value: 0.7433023255813953 and parameters: {'window_size': 48, 'batch_size': 64, 'lr': 1.3352256293537066e-05, 'hidden_dim': 64, 'num_layers': 3, 'dropout': 0.06545160357381823, 'scheduler_step_size': 7, 'scheduler_gamma': 0.514075439476947}. Best is trial 0 with value: 0.4133488372093023.
2024-09-23 15:07:12,011 - INFO - Trial 11 finished with value: 0.5334098360655737 and parameters: {'window_size': 32, 'batch_size': 128, 'lr': 0.008976120804023439, 'hidden_dim': 32, 'num_layers': 3, 'dropout': 0.049017740774952745, 'scheduler_step_size': 3, 'scheduler_gamma': 0.8799908379905005}. Best is trial 0 with value: 0.4133488372093023.
2024-09-23 15:24:21,687 - INFO - Trial 12 finished with value: 0.6582608695652173 and parameters: {'window_size': 24, 'batch_size': 128, 'lr': 0.0005298160626662756, 'hidden_dim': 256, 'num_layers': 1, 'dropout': 0.04126650352372346, 'scheduler_step_size': 3, 'scheduler_gamma': 0.7769046456204721}. Best is trial 0 with value: 0.4133488372093023.
2024-09-23 15:51:06,706 - INFO - Trial 13 finished with value: 0.8166266666666666 and parameters: {'window_size': 12, 'batch_size': 64, 'lr': 0.004027622149354997, 'hidden_dim': 32, 'num_layers': 2, 'dropout': 0.08054801002945605, 'scheduler_step_size': 6, 'scheduler_gamma': 0.543832146582094}. Best is trial 0 with value: 0.4133488372093023.
2024-09-23 15:59:42,866 - INFO - Trial 14 finished with value: 0.7738360655737704 and parameters: {'window_size': 32, 'batch_size': 128, 'lr': 3.230678726066569e-05, 'hidden_dim': 32, 'num_layers': 1, 'dropout': 0.12155455413118368, 'scheduler_step_size': 4, 'scheduler_gamma': 0.7918839662525101}. Best is trial 0 with value: 0.4133488372093023.
2024-09-23 16:08:11,987 - INFO - Trial 15 finished with value: 0.502093023255814 and parameters: {'window_size': 48, 'batch_size': 64, 'lr': 0.0037475660491457508, 'hidden_dim': 256, 'num_layers': 2, 'dropout': 0.02885822674253074, 'scheduler_step_size': 6, 'scheduler_gamma': 0.6027172206684954}. Best is trial 0 with value: 0.4133488372093023.
2024-09-23 16:18:12,185 - INFO - Trial 16 finished with value: 0.6306086956521741 and parameters: {'window_size': 24, 'batch_size': 128, 'lr': 0.0006312816494477812, 'hidden_dim': 64, 'num_layers': 1, 'dropout': 0.0027867503342290864, 'scheduler_step_size': 3, 'scheduler_gamma': 0.767332091077574}. Best is trial 0 with value: 0.4133488372093023.
2024-09-23 16:34:29,739 - INFO - Trial 17 finished with value: 0.80088 and parameters: {'window_size': 12, 'batch_size': 128, 'lr': 0.00010293226009167431, 'hidden_dim': 128, 'num_layers': 3, 'dropout': 0.07092335903706315, 'scheduler_step_size': 7, 'scheduler_gamma': 0.6235208382038776}. Best is trial 0 with value: 0.4133488372093023.
2024-09-23 16:42:32,129 - INFO - Trial 18 finished with value: 0.5148139534883721 and parameters: {'window_size': 48, 'batch_size': 64, 'lr': 0.0034638529213587284, 'hidden_dim': 256, 'num_layers': 2, 'dropout': 0.18278779051645652, 'scheduler_step_size': 6, 'scheduler_gamma': 0.7335529622218472}. Best is trial 0 with value: 0.4133488372093023.
2024-09-23 17:01:17,733 - INFO - Trial 19 finished with value: 0.4812131147540984 and parameters: {'window_size': 32, 'batch_size': 32, 'lr': 0.0007125323271057293, 'hidden_dim': 32, 'num_layers': 1, 'dropout': 0.13002008833370118, 'scheduler_step_size': 4, 'scheduler_gamma': 0.8160774750442147}. Best is trial 0 with value: 0.4133488372093023.
2024-09-23 17:14:11,011 - INFO - Trial 20 finished with value: 0.514046511627907 and parameters: {'window_size': 48, 'batch_size': 32, 'lr': 0.00021504658503870643, 'hidden_dim': 32, 'num_layers': 2, 'dropout': 0.14717090956525877, 'scheduler_step_size': 4, 'scheduler_gamma': 0.8759158834253172}. Best is trial 0 with value: 0.4133488372093023.
2024-09-23 17:33:02,558 - INFO - Trial 21 finished with value: 0.47808196721311474 and parameters: {'window_size': 32, 'batch_size': 32, 'lr': 0.0006341392191427024, 'hidden_dim': 32, 'num_layers': 1, 'dropout': 0.1289470059340219, 'scheduler_step_size': 3, 'scheduler_gamma': 0.8141490842759866}. Best is trial 0 with value: 0.4133488372093023.
2024-09-23 17:52:56,775 - INFO - Trial 22 finished with value: 0.478311475409836 and parameters: {'window_size': 32, 'batch_size': 32, 'lr': 0.0005981712945030483, 'hidden_dim': 32, 'num_layers': 1, 'dropout': 0.12400524135182073, 'scheduler_step_size': 4, 'scheduler_gamma': 0.8152227315442396}. Best is trial 0 with value: 0.4133488372093023.
2024-09-23 18:13:15,436 - INFO - Trial 23 finished with value: 0.48529508196721316 and parameters: {'window_size': 32, 'batch_size': 32, 'lr': 0.0003418096880229425, 'hidden_dim': 32, 'num_layers': 1, 'dropout': 0.19971351370955276, 'scheduler_step_size': 3, 'scheduler_gamma': 0.8203938756515828}. Best is trial 0 with value: 0.4133488372093023.
2024-09-23 18:34:39,275 - INFO - Trial 24 finished with value: 0.47655737704918033 and parameters: {'window_size': 32, 'batch_size': 32, 'lr': 0.0008901669935247561, 'hidden_dim': 32, 'num_layers': 1, 'dropout': 0.1332665235898647, 'scheduler_step_size': 4, 'scheduler_gamma': 0.8981674232217232}. Best is trial 0 with value: 0.4133488372093023.
2024-09-23 18:56:24,663 - INFO - Trial 25 finished with value: 0.47962295081967216 and parameters: {'window_size': 32, 'batch_size': 32, 'lr': 6.92806022588526e-05, 'hidden_dim': 256, 'num_layers': 1, 'dropout': 0.14121338716934423, 'scheduler_step_size': 3, 'scheduler_gamma': 0.8906745832672337}. Best is trial 0 with value: 0.4133488372093023.
2024-09-23 19:26:21,093 - INFO - Trial 26 finished with value: 0.7422666666666666 and parameters: {'window_size': 16, 'batch_size': 32, 'lr': 0.0010196479404397686, 'hidden_dim': 128, 'num_layers': 1, 'dropout': 0.1676652185312703, 'scheduler_step_size': 4, 'scheduler_gamma': 0.8985032489529781}. Best is trial 0 with value: 0.4133488372093023.
2024-09-23 19:56:44,219 - INFO - Trial 27 finished with value: 0.7870933333333334 and parameters: {'window_size': 12, 'batch_size': 32, 'lr': 0.002456537122770611, 'hidden_dim': 64, 'num_layers': 1, 'dropout': 0.0865132310924591, 'scheduler_step_size': 3, 'scheduler_gamma': 0.6668414345895829}. Best is trial 0 with value: 0.4133488372093023.
2024-09-23 20:29:47,847 - INFO - Trial 28 finished with value: 0.6027246376811594 and parameters: {'window_size': 24, 'batch_size': 32, 'lr': 0.00038413869232737134, 'hidden_dim': 32, 'num_layers': 2, 'dropout': 0.10116944802875016, 'scheduler_step_size': 7, 'scheduler_gamma': 0.4979433548796739}. Best is trial 0 with value: 0.4133488372093023.
2024-09-23 21:02:36,843 - INFO - Trial 29 finished with value: 0.7851066666666668 and parameters: {'window_size': 8, 'batch_size': 32, 'lr': 0.00020336990600665242, 'hidden_dim': 128, 'num_layers': 1, 'dropout': 0.11091837969631871, 'scheduler_step_size': 4, 'scheduler_gamma': 0.4523914218469286}. Best is trial 0 with value: 0.4133488372093023.
2024-09-23 21:22:05,940 - INFO - Trial 30 finished with value: 0.8826933333333336 and parameters: {'window_size': 4, 'batch_size': 64, 'lr': 0.0009986437443725454, 'hidden_dim': 256, 'num_layers': 1, 'dropout': 0.13317674180036537, 'scheduler_step_size': 5, 'scheduler_gamma': 0.8440605592386264}. Best is trial 0 with value: 0.4133488372093023.
2024-09-23 21:43:22,996 - INFO - Trial 31 finished with value: 0.49631147540983606 and parameters: {'window_size': 32, 'batch_size': 32, 'lr': 0.0005383321722892768, 'hidden_dim': 32, 'num_layers': 1, 'dropout': 0.11967423354812491, 'scheduler_step_size': 4, 'scheduler_gamma': 0.7967319834152059}. Best is trial 0 with value: 0.4133488372093023.
2024-09-23 22:04:11,360 - INFO - Trial 32 finished with value: 0.47154098360655744 and parameters: {'window_size': 32, 'batch_size': 32, 'lr': 0.0009170169400078744, 'hidden_dim': 32, 'num_layers': 1, 'dropout': 0.13237735577482665, 'scheduler_step_size': 4, 'scheduler_gamma': 0.8464558710446562}. Best is trial 0 with value: 0.4133488372093023.
2024-09-23 22:25:10,128 - INFO - Trial 33 finished with value: 0.47449180327868845 and parameters: {'window_size': 32, 'batch_size': 32, 'lr': 0.0009352128864816323, 'hidden_dim': 32, 'num_layers': 1, 'dropout': 0.1661456763142169, 'scheduler_step_size': 4, 'scheduler_gamma': 0.8583692958824178}. Best is trial 0 with value: 0.4133488372093023.
2024-09-23 22:44:01,368 - INFO - Trial 34 finished with value: 0.4826065573770492 and parameters: {'window_size': 32, 'batch_size': 32, 'lr': 0.0022279965809779744, 'hidden_dim': 32, 'num_layers': 1, 'dropout': 0.16145329209780587, 'scheduler_step_size': 4, 'scheduler_gamma': 0.8553586508550802}. Best is trial 0 with value: 0.4133488372093023.
2024-09-23 22:54:26,216 - INFO - Trial 35 finished with value: 0.4655813953488373 and parameters: {'window_size': 48, 'batch_size': 32, 'lr': 0.0011623356005761854, 'hidden_dim': 32, 'num_layers': 1, 'dropout': 0.17703977007365476, 'scheduler_step_size': 5, 'scheduler_gamma': 0.7490955143123673}. Best is trial 0 with value: 0.4133488372093023.
2024-09-23 23:03:58,698 - INFO - Trial 36 finished with value: 0.4657209302325581 and parameters: {'window_size': 48, 'batch_size': 64, 'lr': 0.0020049952320600538, 'hidden_dim': 256, 'num_layers': 2, 'dropout': 0.17735119929288698, 'scheduler_step_size': 5, 'scheduler_gamma': 0.7515319413189439}. Best is trial 0 with value: 0.4133488372093023.
2024-09-23 23:13:30,836 - INFO - Trial 37 finished with value: 0.5055348837209303 and parameters: {'window_size': 48, 'batch_size': 64, 'lr': 0.002248192609103314, 'hidden_dim': 256, 'num_layers': 2, 'dropout': 0.18857844853174163, 'scheduler_step_size': 5, 'scheduler_gamma': 0.671635827238364}. Best is trial 0 with value: 0.4133488372093023.
2024-09-23 23:25:52,944 - INFO - Trial 38 finished with value: 0.515232558139535 and parameters: {'window_size': 48, 'batch_size': 64, 'lr': 0.006240427238357568, 'hidden_dim': 256, 'num_layers': 3, 'dropout': 0.17374863228758716, 'scheduler_step_size': 5, 'scheduler_gamma': 0.7482566488607576}. Best is trial 0 with value: 0.4133488372093023.
2024-09-23 23:36:10,013 - INFO - Trial 39 finished with value: 0.5011162790697674 and parameters: {'window_size': 48, 'batch_size': 64, 'lr': 0.0017627897573072658, 'hidden_dim': 256, 'num_layers': 2, 'dropout': 0.19588320402966639, 'scheduler_step_size': 6, 'scheduler_gamma': 0.7039006652567174}. Best is trial 0 with value: 0.4133488372093023.
2024-09-23 23:46:33,187 - INFO - Trial 40 finished with value: 0.4796279069767442 and parameters: {'window_size': 48, 'batch_size': 64, 'lr': 0.00024663079212434226, 'hidden_dim': 256, 'num_layers': 2, 'dropout': 0.15261257072589174, 'scheduler_step_size': 5, 'scheduler_gamma': 0.6349668716317969}. Best is trial 0 with value: 0.4133488372093023.
2024-09-23 23:55:18,296 - INFO - Trial 41 finished with value: 0.411906976744186 and parameters: {'window_size': 48, 'batch_size': 64, 'lr': 0.001202727399742036, 'hidden_dim': 256, 'num_layers': 1, 'dropout': 0.17998430716029143, 'scheduler_step_size': 5, 'scheduler_gamma': 0.7579365799752316}. Best is trial 41 with value: 0.411906976744186.
2024-09-24 00:03:50,581 - INFO - Trial 42 finished with value: 0.41123255813953485 and parameters: {'window_size': 48, 'batch_size': 64, 'lr': 0.0014864943381847093, 'hidden_dim': 256, 'num_layers': 1, 'dropout': 0.182686817791737, 'scheduler_step_size': 5, 'scheduler_gamma': 0.7229484916099048}. Best is trial 42 with value: 0.41123255813953485.
2024-09-24 00:04:07,423 - WARNING - Trial 43 failed with parameters: {'window_size': 48, 'batch_size': 64, 'lr': 0.001364817359562699, 'hidden_dim': 256, 'num_layers': 1, 'dropout': 0.18242090915677547, 'scheduler_step_size': 5, 'scheduler_gamma': 0.7258444072299651} because of the following error: OSError(28, 'No space left on device').
Traceback (most recent call last):
  File "/Users/administrator/Code/python/phd-project/.venv/lib/python3.10/site-packages/optuna/study/_optimize.py", line 196, in _run_trial
    value_or_values = func(trial)
  File "/Users/administrator/Code/python/phd-project/phd_package/pipeline/hyperparameter_tuning.py", line 72, in objective
    with mlflow.start_run(
  File "/Users/administrator/Code/python/phd-project/.venv/lib/python3.10/site-packages/mlflow/tracking/fluent.py", line 198, in __exit__
    end_run(RunStatus.to_string(status))
  File "/Users/administrator/Code/python/phd-project/.venv/lib/python3.10/site-packages/mlflow/tracking/fluent.py", line 490, in end_run
    MlflowClient().set_terminated(_last_active_run_id, status)
  File "/Users/administrator/Code/python/phd-project/.venv/lib/python3.10/site-packages/mlflow/tracking/client.py", line 2880, in set_terminated
    self._tracking_client.set_terminated(run_id, status, end_time)
  File "/Users/administrator/Code/python/phd-project/.venv/lib/python3.10/site-packages/mlflow/tracking/_tracking_service/client.py", line 910, in set_terminated
    self.store.update_run_info(
  File "/Users/administrator/Code/python/phd-project/.venv/lib/python3.10/site-packages/mlflow/store/tracking/file_store.py", line 615, in update_run_info
    self._overwrite_run_info(new_info)
  File "/Users/administrator/Code/python/phd-project/.venv/lib/python3.10/site-packages/mlflow/store/tracking/file_store.py", line 1066, in _overwrite_run_info
    write_yaml(run_dir, FileStore.META_DATA_FILE_NAME, run_info_dict, overwrite=True)
  File "/Users/administrator/Code/python/phd-project/.venv/lib/python3.10/site-packages/mlflow/utils/file_utils.py", line 246, in write_yaml
    with codecs.open(yaml_file_name, mode="w", encoding=ENCODING) as yaml_file:
  File "/opt/homebrew/Cellar/python@3.10/3.10.13_1/Frameworks/Python.framework/Versions/3.10/lib/python3.10/codecs.py", line 906, in open
    file = builtins.open(filename, mode, buffering)
OSError: [Errno 28] No space left on device: '/Users/administrator/Code/python/phd-project/mlruns/105824861951586332/e53d9c7283a74c08a859ae9b1fa6e942/meta.yaml'
2024-09-24 00:04:07,518 - WARNING - Trial 43 failed with value None.
