2024-09-21 03:13:41,729 - INFO - Trial 74 finished with value: 0.31100000000000005 and parameters: {'batch_size': 32, 'lr': 6.153600874674301e-05, 'dropout': 0.06471657971487882, 'scheduler_step_size': 2, 'scheduler_gamma': 0.1828155867069361}. Best is trial 46 with value: -0.1492133333333333.
2024-09-21 03:39:46,642 - INFO - Trial 75 finished with value: 0.0743066666666667 and parameters: {'batch_size': 128, 'lr': 1.210236978725896e-05, 'dropout': 0.08894381689259734, 'scheduler_step_size': 4, 'scheduler_gamma': 0.199231174571743}. Best is trial 46 with value: -0.1492133333333333.
2024-09-21 04:03:33,916 - INFO - Trial 76 finished with value: 0.38486666666666675 and parameters: {'batch_size': 128, 'lr': 2.2816541425183844e-05, 'dropout': 0.0004889913320771377, 'scheduler_step_size': 2, 'scheduler_gamma': 0.1277510270189732}. Best is trial 46 with value: -0.1492133333333333.
2024-09-21 04:23:10,201 - INFO - Trial 77 finished with value: 0.31632 and parameters: {'batch_size': 128, 'lr': 0.00018602314747505702, 'dropout': 0.03547776528076642, 'scheduler_step_size': 4, 'scheduler_gamma': 0.30713213476591716}. Best is trial 46 with value: -0.1492133333333333.
2024-09-21 04:44:25,379 - INFO - Trial 78 finished with value: 0.05129333333333331 and parameters: {'batch_size': 128, 'lr': 0.00043233304396332356, 'dropout': 0.13485532620127874, 'scheduler_step_size': 3, 'scheduler_gamma': 0.7663962250353535}. Best is trial 46 with value: -0.1492133333333333.
2024-09-21 05:38:04,774 - INFO - Trial 79 finished with value: 0.8288133333333333 and parameters: {'batch_size': 32, 'lr': 0.00013924269532394955, 'dropout': 0.05107977667166845, 'scheduler_step_size': 5, 'scheduler_gamma': 0.637828618233763}. Best is trial 46 with value: -0.1492133333333333.
2024-09-21 06:02:24,004 - INFO - Trial 80 finished with value: -0.12109333333333329 and parameters: {'batch_size': 128, 'lr': 3.2147616401860776e-05, 'dropout': 0.10852553542049334, 'scheduler_step_size': 3, 'scheduler_gamma': 0.6747288210711272}. Best is trial 46 with value: -0.1492133333333333.
2024-09-21 06:28:01,747 - INFO - Trial 81 finished with value: -0.11366666666666665 and parameters: {'batch_size': 128, 'lr': 3.055736495722345e-05, 'dropout': 0.10597032376104547, 'scheduler_step_size': 3, 'scheduler_gamma': 0.7246953131378658}. Best is trial 46 with value: -0.1492133333333333.
2024-09-21 06:54:08,563 - INFO - Trial 82 finished with value: -0.05283999999999999 and parameters: {'batch_size': 128, 'lr': 2.8622750408148805e-05, 'dropout': 0.10527180968992765, 'scheduler_step_size': 2, 'scheduler_gamma': 0.7355488905173168}. Best is trial 46 with value: -0.1492133333333333.
2024-09-21 07:21:13,449 - INFO - Trial 83 finished with value: -0.08801333333333336 and parameters: {'batch_size': 128, 'lr': 1.731064220237279e-05, 'dropout': 0.14681415215337573, 'scheduler_step_size': 4, 'scheduler_gamma': 0.716417169502642}. Best is trial 46 with value: -0.1492133333333333.
2024-09-21 07:45:50,135 - INFO - Trial 84 finished with value: -0.10415999999999997 and parameters: {'batch_size': 128, 'lr': 3.562030015403679e-05, 'dropout': 0.12532119117680598, 'scheduler_step_size': 3, 'scheduler_gamma': 0.7990301717830437}. Best is trial 46 with value: -0.1492133333333333.
2024-09-21 08:10:35,918 - INFO - Trial 85 finished with value: -0.06832 and parameters: {'batch_size': 128, 'lr': 3.339494461617979e-05, 'dropout': 0.12216172990160108, 'scheduler_step_size': 3, 'scheduler_gamma': 0.7952272471640028}. Best is trial 46 with value: -0.1492133333333333.
2024-09-21 08:37:29,173 - INFO - Trial 86 finished with value: -0.08709333333333333 and parameters: {'batch_size': 128, 'lr': 2.0538496196804113e-05, 'dropout': 0.17630350696110803, 'scheduler_step_size': 10, 'scheduler_gamma': 0.678520844922101}. Best is trial 46 with value: -0.1492133333333333.
2024-09-21 09:04:38,596 - INFO - Trial 87 finished with value: -0.04120000000000001 and parameters: {'batch_size': 128, 'lr': 1.3190698992493289e-05, 'dropout': 0.15212137284558241, 'scheduler_step_size': 3, 'scheduler_gamma': 0.8012609866064817}. Best is trial 46 with value: -0.1492133333333333.
2024-09-21 09:29:30,097 - INFO - Trial 88 finished with value: -0.12697333333333333 and parameters: {'batch_size': 128, 'lr': 4.0956705823195496e-05, 'dropout': 0.13197499696168202, 'scheduler_step_size': 4, 'scheduler_gamma': 0.7527078882817582}. Best is trial 46 with value: -0.1492133333333333.
2024-09-21 09:52:26,864 - INFO - Trial 89 finished with value: -0.11407999999999999 and parameters: {'batch_size': 128, 'lr': 4.6353131297610345e-05, 'dropout': 0.09299998994698626, 'scheduler_step_size': 4, 'scheduler_gamma': 0.746834126094016}. Best is trial 46 with value: -0.1492133333333333.
2024-09-21 10:17:01,971 - INFO - Trial 90 finished with value: -0.11745333333333335 and parameters: {'batch_size': 128, 'lr': 5.19372261975816e-05, 'dropout': 0.1849988749345997, 'scheduler_step_size': 4, 'scheduler_gamma': 0.753358175424606}. Best is trial 46 with value: -0.1492133333333333.
2024-09-21 10:41:37,347 - INFO - Trial 91 finished with value: -0.08842666666666667 and parameters: {'batch_size': 128, 'lr': 4.9038647817845056e-05, 'dropout': 0.1970783608638638, 'scheduler_step_size': 4, 'scheduler_gamma': 0.76146766955892}. Best is trial 46 with value: -0.1492133333333333.
2024-09-21 11:08:53,947 - INFO - Trial 92 finished with value: -0.13562666666666667 and parameters: {'batch_size': 128, 'lr': 2.3480848938598908e-05, 'dropout': 0.10859349469457782, 'scheduler_step_size': 5, 'scheduler_gamma': 0.7465471346128857}. Best is trial 46 with value: -0.1492133333333333.
2024-09-21 11:37:16,696 - INFO - Trial 93 finished with value: -0.06437333333333332 and parameters: {'batch_size': 128, 'lr': 9.781540323628597e-05, 'dropout': 0.14134479714572698, 'scheduler_step_size': 5, 'scheduler_gamma': 0.7421161329956192}. Best is trial 46 with value: -0.1492133333333333.
2024-09-21 12:04:32,294 - INFO - Trial 94 finished with value: 0.012039999999999969 and parameters: {'batch_size': 128, 'lr': 2.4669622945910642e-05, 'dropout': 0.1138949714800667, 'scheduler_step_size': 5, 'scheduler_gamma': 0.7074241704278125}. Best is trial 46 with value: -0.1492133333333333.
2024-09-21 12:29:48,235 - INFO - Trial 95 finished with value: -0.07641333333333332 and parameters: {'batch_size': 128, 'lr': 5.59572373986959e-05, 'dropout': 0.18044023097601686, 'scheduler_step_size': 4, 'scheduler_gamma': 0.66563653927962}. Best is trial 46 with value: -0.1492133333333333.
2024-09-21 12:47:49,536 - INFO - Trial 96 finished with value: 0.6938133333333334 and parameters: {'batch_size': 128, 'lr': 0.004013172881177375, 'dropout': 0.0940336854912632, 'scheduler_step_size': 5, 'scheduler_gamma': 0.7701530088365953}. Best is trial 46 with value: -0.1492133333333333.
2024-09-21 13:15:35,638 - INFO - Trial 97 finished with value: 0.02749333333333333 and parameters: {'batch_size': 128, 'lr': 1.5332432541332143e-05, 'dropout': 0.24281365098522759, 'scheduler_step_size': 4, 'scheduler_gamma': 0.7475814217651672}. Best is trial 46 with value: -0.1492133333333333.
2024-09-21 13:42:02,889 - INFO - Trial 98 finished with value: -0.061133333333333324 and parameters: {'batch_size': 128, 'lr': 2.4249770425995577e-05, 'dropout': 0.06153188663889815, 'scheduler_step_size': 4, 'scheduler_gamma': 0.6282373358795964}. Best is trial 46 with value: -0.1492133333333333.
2024-09-21 19:09:09,869 - INFO - Trial 99 finished with value: -0.10061333333333333 and parameters: {'batch_size': 128, 'lr': 4.318762852961794e-05, 'dropout': 0.1325209195465166, 'scheduler_step_size': 5, 'scheduler_gamma': 0.6814306191027024}. Best is trial 46 with value: -0.1492133333333333.
